0 info it worked if it ends with ok
1 verbose cli [ '/usr/local/bin/node', '/usr/local/bin/npm', 'publish' ]
2 info using npm@3.3.12
3 info using node@v5.3.0
4 verbose publish [ '.' ]
5 silly cache add args [ '.', null ]
6 verbose cache add spec .
7 silly cache add parsed spec Result {
7 silly cache add   raw: '.',
7 silly cache add   scope: null,
7 silly cache add   name: null,
7 silly cache add   rawSpec: '.',
7 silly cache add   spec: '/home/ruben/tldr-lint',
7 silly cache add   type: 'directory' }
8 verbose addLocalDirectory /home/ruben/.npm/tldr-lint/0.0.2/package.tgz not in flight; packing
9 info lifecycle tldr-lint@0.0.2~prepublish: tldr-lint@0.0.2
10 silly lifecycle tldr-lint@0.0.2~prepublish: no script for prepublish, continuing
11 verbose tar pack [ '/home/ruben/.npm/tldr-lint/0.0.2/package.tgz',
11 verbose tar pack   '/home/ruben/tldr-lint' ]
12 verbose tarball /home/ruben/.npm/tldr-lint/0.0.2/package.tgz
13 verbose folder /home/ruben/tldr-lint
14 verbose addLocalTarball adding from inside cache /home/ruben/.npm/tldr-lint/0.0.2/package.tgz
15 silly cache afterAdd tldr-lint@0.0.2
16 verbose afterAdd /home/ruben/.npm/tldr-lint/0.0.2/package/package.json not in flight; writing
17 verbose afterAdd /home/ruben/.npm/tldr-lint/0.0.2/package/package.json written
18 silly publish { name: 'tldr-lint',
18 silly publish   version: '0.0.2',
18 silly publish   description: 'Linter for TLDR pages.',
18 silly publish   repository:
18 silly publish    { type: 'git',
18 silly publish      url: 'git+https://github.com/rubenvereecken/tldr-lint.git' },
18 silly publish   scripts: { jison: 'grunt exec:jison', test: 'grunt test' },
18 silly publish   bin: { 'tldr-lint': 'lib/tldr-lint-cli.js' },
18 silly publish   keywords: [ 'tldr', 'pages', 'lint', 'format' ],
18 silly publish   author: { name: 'Ruben Vereecken', email: 'rubenvereecken@gmail.com' },
18 silly publish   license: 'MIT',
18 silly publish   dependencies: { commander: '^2.9.0' },
18 silly publish   devDependencies:
18 silly publish    { grunt: '^0.4.5',
18 silly publish      'grunt-contrib-clean': '^0.7.0',
18 silly publish      'grunt-contrib-watch': '^0.6.1',
18 silly publish      'grunt-exec': '^0.4.6',
18 silly publish      'grunt-jasmine-nodejs': '^1.4.3',
18 silly publish      'jasmine-core': '^2.4.1',
18 silly publish      'jasmine-node': '^1.14.5',
18 silly publish      jison: '^0.4.15' },
18 silly publish   readme: '# tldr-lint\n\n`tldr-lint` is a linting tool for validating [tldr](https://github.com/tldr-pages/tldr) pages.\nIt can also format your pages for you!\n\n# Usage\nIt\'s really simple.\n\n```\n  Usage: tldr-lint [options] <file>\n\n  Options:\n\n    -h, --help           output usage information\n    -V, --version        output the version number\n    -f, --format         also attempt formatting (to stdout, or as specified by -o)\n    -o, --output <file>  output formatted file\n    -v, --verbose        print verbose output (for debugging)\n```\n\n\n# Linter Errors\nThere\'s a bunch of them. Couldn\'t bother writing them down just yet.\nThey\'re all in `lib/tldr-lint.js` though if you feel inclined.\n\n## TODO\n- Assert file has .md extension\n- Assert file name is same as page title\n',
18 silly publish   readmeFilename: 'README.md',
18 silly publish   gitHead: '9571eafcd75ba6f3039c8b56c351311d4986a0f2',
18 silly publish   bugs: { url: 'https://github.com/rubenvereecken/tldr-lint/issues' },
18 silly publish   homepage: 'https://github.com/rubenvereecken/tldr-lint#readme',
18 silly publish   _id: 'tldr-lint@0.0.2',
18 silly publish   _shasum: 'c44e567f6d0447722c6b14c1c5ac9742b88d4c89',
18 silly publish   _from: '.' }
19 verbose getPublishConfig undefined
20 silly mapToRegistry name tldr-lint
21 silly mapToRegistry using default registry
22 silly mapToRegistry registry https://registry.npmjs.org/
23 silly mapToRegistry uri https://registry.npmjs.org/tldr-lint
24 verbose publish registryBase https://registry.npmjs.org/
25 silly publish uploading /home/ruben/.npm/tldr-lint/0.0.2/package.tgz
26 verbose request uri https://registry.npmjs.org/tldr-lint
27 verbose request sending authorization for write operation
28 info attempt registry request try #1 at 14:07:16
29 verbose request using bearer token for auth
30 verbose request id aeac08c58d03c43e
31 http request PUT https://registry.npmjs.org/tldr-lint
32 http 403 https://registry.npmjs.org/tldr-lint
33 verbose headers { 'content-type': 'application/json',
33 verbose headers   'cache-control': 'max-age=300',
33 verbose headers   'content-length': '95',
33 verbose headers   'accept-ranges': 'bytes',
33 verbose headers   date: 'Wed, 13 Jan 2016 13:07:28 GMT',
33 verbose headers   via: '1.1 varnish',
33 verbose headers   connection: 'keep-alive',
33 verbose headers   'x-served-by': 'cache-ams4147-AMS',
33 verbose headers   'x-cache': 'MISS',
33 verbose headers   'x-cache-hits': '0',
33 verbose headers   'x-timer': 'S1452690446.761325,VS0,VE1440' }
34 verbose request invalidating /home/ruben/.npm/registry.npmjs.org/tldr-lint on PUT
35 error publish Failed PUT 403
36 verbose stack Error: "You cannot publish over the previously published version 0.0.2." : tldr-lint
36 verbose stack     at makeError (/usr/local/lib/node_modules/npm/node_modules/npm-registry-client/lib/request.js:264:12)
36 verbose stack     at CachingRegistryClient.<anonymous> (/usr/local/lib/node_modules/npm/node_modules/npm-registry-client/lib/request.js:252:14)
36 verbose stack     at Request._callback (/usr/local/lib/node_modules/npm/node_modules/npm-registry-client/lib/request.js:172:14)
36 verbose stack     at Request.self.callback (/usr/local/lib/node_modules/npm/node_modules/request/request.js:198:22)
36 verbose stack     at emitTwo (events.js:87:13)
36 verbose stack     at Request.emit (events.js:172:7)
36 verbose stack     at Request.<anonymous> (/usr/local/lib/node_modules/npm/node_modules/request/request.js:1082:10)
36 verbose stack     at emitOne (events.js:82:20)
36 verbose stack     at Request.emit (events.js:169:7)
36 verbose stack     at IncomingMessage.<anonymous> (/usr/local/lib/node_modules/npm/node_modules/request/request.js:1009:12)
37 verbose statusCode 403
38 verbose pkgid tldr-lint
39 verbose cwd /home/ruben/tldr-lint
40 error Linux 3.16.0-38-generic
41 error argv "/usr/local/bin/node" "/usr/local/bin/npm" "publish"
42 error node v5.3.0
43 error npm  v3.3.12
44 error code E403
45 error "You cannot publish over the previously published version 0.0.2." : tldr-lint
46 error If you need help, you may report this error at:
46 error     <https://github.com/npm/npm/issues>
47 verbose exit [ 1, true ]
